<?xml version="1.0" encoding="UTF-8"?>
<!-- Generated by org.testng.reporters.JUnitXMLReporter -->
<testsuite ignored="0" hostname="carthikeyan" failures="0" tests="4" name="login" time="147.858" errors="0" timestamp="2022-08-14T20:07:05 IST">
  <testcase classname="test.logintest" name="login" time="89.247"/>
  <testcase classname="test.logintest" name="login" time="6.076"/>
  <testcase classname="test.logintest" name="login" time="4.073"/>
  <testcase classname="test.logintest" name="login" time="4.078"/>
</testsuite> <!-- login -->
