<?xml version="1.0" encoding="UTF-8"?>
<!-- Generated by org.testng.reporters.JUnitXMLReporter -->
<testsuite ignored="0" hostname="carthikeyan" failures="0" tests="4" name="login" time="102.472" errors="0" timestamp="14 Aug 2022 14:43:54 GMT">
  <testcase classname="test.logintest" name="login" time="32.159"/>
  <testcase classname="test.logintest" name="login" time="7.704"/>
  <testcase classname="test.logintest" name="login" time="4.039"/>
  <testcase classname="test.logintest" name="login" time="4.052"/>
</testsuite> <!-- login -->
