<?xml version="1.0" encoding="UTF-8"?>
<!-- Generated by org.testng.reporters.JUnitXMLReporter -->
<testsuite ignored="0" hostname="carthikeyan" failures="0" tests="4" name="login" time="46.404" errors="0" timestamp="15 Aug 2022 00:14:32 GMT">
  <testcase classname="test.logintest" name="login" time="11.699"/>
  <testcase classname="test.logintest" name="login" time="4.285"/>
  <testcase classname="test.logintest" name="login" time="3.821"/>
  <testcase classname="test.logintest" name="login" time="3.16"/>
</testsuite> <!-- login -->
