<?xml version="1.0" encoding="UTF-8"?>
<testng-results ignored="0" total="5" passed="5" failed="0" skipped="0">
  <reporter-output>
  </reporter-output>
  <suite started-at="2022-08-15T00:13:46Z" name="Suite" finished-at="2022-08-15T00:14:32Z" duration-ms="46420">
    <groups>
    </groups>
    <test started-at="2022-08-15T00:13:46Z" name="home" finished-at="2022-08-15T00:14:22Z" duration-ms="36385">
      <class name="test.HomeTest">
        <test-method is-config="true" signature="start()[pri:0, instance:test.HomeTest@5443d039]" started-at="2022-08-15T00:13:46Z" name="start" finished-at="2022-08-15T00:14:07Z" duration-ms="21071" status="PASS">
          <reporter-output>
          </reporter-output>
        </test-method> <!-- start -->
        <test-method signature="titleVerify()[pri:0, instance:test.HomeTest@5443d039]" started-at="2022-08-15T00:14:07Z" name="titleVerify" finished-at="2022-08-15T00:14:18Z" duration-ms="11102" status="PASS">
          <reporter-output>
          </reporter-output>
        </test-method> <!-- titleVerify -->
        <test-method is-config="true" signature="tearDown()[pri:0, instance:test.HomeTest@5443d039]" started-at="2022-08-15T00:14:18Z" name="tearDown" finished-at="2022-08-15T00:14:22Z" duration-ms="4203" status="PASS">
          <reporter-output>
          </reporter-output>
        </test-method> <!-- tearDown -->
      </class> <!-- test.HomeTest -->
    </test> <!-- home -->
    <test started-at="2022-08-15T00:13:46Z" name="login" finished-at="2022-08-15T00:14:32Z" duration-ms="46404">
      <class name="test.logintest">
        <test-method is-config="true" signature="start()[pri:0, instance:test.logintest@40238dd0]" started-at="2022-08-15T00:13:46Z" name="start" finished-at="2022-08-15T00:14:06Z" duration-ms="20676" status="PASS">
          <reporter-output>
          </reporter-output>
        </test-method> <!-- start -->
        <test-method signature="login(java.lang.String, java.lang.String, java.lang.String)[pri:0, instance:test.logintest@40238dd0]" started-at="2022-08-15T00:14:06Z" name="login" data-provider="userData" finished-at="2022-08-15T00:14:18Z" duration-ms="11699" status="PASS">
          <params>
            <param index="0">
              <value>
                <![CDATA[monkey@gmail.com]]>
              </value>
            </param>
            <param index="1">
              <value>
                <![CDATA[monkey]]>
              </value>
            </param>
            <param index="2">
              <value>
                <![CDATA[sucessfull]]>
              </value>
            </param>
          </params>
          <reporter-output>
          </reporter-output>
        </test-method> <!-- login -->
        <test-method signature="login(java.lang.String, java.lang.String, java.lang.String)[pri:0, instance:test.logintest@40238dd0]" started-at="2022-08-15T00:14:18Z" name="login" data-provider="userData" finished-at="2022-08-15T00:14:22Z" duration-ms="4285" status="PASS">
          <params>
            <param index="0">
              <value>
                <![CDATA[monkey@gmail.com]]>
              </value>
            </param>
            <param index="1">
              <value>
                <![CDATA[donkey]]>
              </value>
            </param>
            <param index="2">
              <value>
                <![CDATA[unsucessfull]]>
              </value>
            </param>
          </params>
          <reporter-output>
          </reporter-output>
        </test-method> <!-- login -->
        <test-method signature="login(java.lang.String, java.lang.String, java.lang.String)[pri:0, instance:test.logintest@40238dd0]" started-at="2022-08-15T00:14:22Z" name="login" data-provider="userData" finished-at="2022-08-15T00:14:26Z" duration-ms="3821" status="PASS">
          <params>
            <param index="0">
              <value>
                <![CDATA[donkey@gmail.com]]>
              </value>
            </param>
            <param index="1">
              <value>
                <![CDATA[monkey]]>
              </value>
            </param>
            <param index="2">
              <value>
                <![CDATA[unsucessful]]>
              </value>
            </param>
          </params>
          <reporter-output>
          </reporter-output>
        </test-method> <!-- login -->
        <test-method signature="login(java.lang.String, java.lang.String, java.lang.String)[pri:0, instance:test.logintest@40238dd0]" started-at="2022-08-15T00:14:26Z" name="login" data-provider="userData" finished-at="2022-08-15T00:14:29Z" duration-ms="3160" status="PASS">
          <params>
            <param index="0">
              <value>
                <![CDATA[donkey@gmail.com]]>
              </value>
            </param>
            <param index="1">
              <value>
                <![CDATA[donkey]]>
              </value>
            </param>
            <param index="2">
              <value>
                <![CDATA[unsucessful]]>
              </value>
            </param>
          </params>
          <reporter-output>
          </reporter-output>
        </test-method> <!-- login -->
        <test-method is-config="true" signature="tearDown()[pri:0, instance:test.logintest@40238dd0]" started-at="2022-08-15T00:14:29Z" name="tearDown" finished-at="2022-08-15T00:14:32Z" duration-ms="2578" status="PASS">
          <reporter-output>
          </reporter-output>
        </test-method> <!-- tearDown -->
      </class> <!-- test.logintest -->
    </test> <!-- login -->
  </suite> <!-- Suite -->
</testng-results>
